{
  "stats": {
    "suites": 2,
    "tests": 17,
    "passes": 17,
    "pending": 0,
    "failures": 0,
    "start": "2020-06-15T12:12:42.130Z",
    "end": "2020-06-15T12:13:44.964Z",
    "duration": 62834,
    "testsRegistered": 17,
    "passPercent": 100,
    "pendingPercent": 0,
    "other": 0,
    "hasOther": false,
    "skipped": 0,
    "hasSkipped": false
  },
  "results": [
    {
      "uuid": "dcf0d89d-b2f1-449f-b952-20ed50a53198",
      "title": "",
      "fullFile": "cypress\\integration\\AvantiWeb.js",
      "file": "cypress\\integration\\AvantiWeb.js",
      "beforeHooks": [],
      "afterHooks": [],
      "tests": [],
      "suites": [
        {
          "uuid": "90a2c1f2-9066-498d-affb-c04367cf3b41",
          "title": "Avanti Web",
          "fullFile": "",
          "file": "",
          "beforeHooks": [],
          "afterHooks": [],
          "tests": [
            {
              "title": "Get Quote",
              "fullTitle": "Avanti Web Get Quote",
              "timedOut": null,
              "duration": 6218,
              "state": "passed",
              "speed": "slow",
              "pass": true,
              "fail": false,
              "pending": false,
              "context": null,
              "code": "cy.web('uat02', 'avn');\ncy.location('pathname').should('eq', '/travelinsurance/quote/policy-details');",
              "err": {},
              "uuid": "6573278c-94df-4a10-a1c9-0c0838ae6c90",
              "parentUUID": "90a2c1f2-9066-498d-affb-c04367cf3b41",
              "isHook": false,
              "skipped": false
            },
            {
              "title": "Travel Details",
              "fullTitle": "Avanti Web Travel Details",
              "timedOut": null,
              "duration": 12708,
              "state": "passed",
              "speed": "slow",
              "pass": true,
              "fail": false,
              "pending": false,
              "context": null,
              "code": "cy.location('pathname').should('eq', '/travelinsurance/quote/policy-details');\nvar td = new _TravelDetails[\"default\"]();\ntd.policyST().click();\ntd.cruiseNo().click();\ntd.partyIndividual().click();\ntd.traveller1Age().should('be.visible').should('be.enabled').clear().type(this.quote.traveller_1);\ntd.orgTitle().select(this.organiser.organiserTitle);\ntd.orgFname().should('be.visible').should('be.enabled').clear().type(this.organiser.firstname);\ntd.orgLname().should('be.visible').should('be.enabled').clear().type(this.organiser.lastname);\ntd.orgEmail().should('be.visible').should('be.enabled').clear().type(this.organiser.email);\ntd.orgTel().should('be.visible').should('be.enabled').clear().type(this.organiser.dayTimeTelephone);\ntd.orgPostcode().should('be.visible').should('be.enabled').clear().type(this.organiser.postcode);\ntd.departDate().should('be.visible').should('be.enabled').clear().type(this.quote.departure);\ntd.destination0().clear().type(this.quote.country_1);\ntd.destination0().type('{downarrow}{enter}');\ntd.multipleNo().click();\ntd.returnDate().should('be.visible').should('be.enabled').clear().type(this.quote[\"return\"]);\ntd.submitButton().should('be.visible').should('be.enabled').click();\ncy.wait(4000);",
              "err": {},
              "uuid": "18263923-4063-41a6-a7c6-65b7c55194ed",
              "parentUUID": "90a2c1f2-9066-498d-affb-c04367cf3b41",
              "isHook": false,
              "skipped": false
            },
            {
              "title": "Medical Declaration",
              "fullTitle": "Avanti Web Medical Declaration",
              "timedOut": null,
              "duration": 6259,
              "state": "passed",
              "speed": "slow",
              "pass": true,
              "fail": false,
              "pending": false,
              "context": null,
              "code": "cy.location('pathname').should('eq', '/travelinsurance/quote/personal-details');\ncy.get('#traveler_title_0').should('be.visible').should('be.enabled').select(this.organiser.organiserTitle);\ncy.get('#traveler_first_name_0').should('be.visible').should('be.enabled').clear().type(this.organiser.firstname);\ncy.get('#traveler_last_name_0').should('be.visible').should('be.enabled').clear().type(this.organiser.lastname);\ncy.get('#checkbox-accept-label').click();\ncy.get(':nth-child(2) > label').click();\ncy.get(':nth-child(6) > .btn').click();\ncy.get('#medical_dec_submit_btn').should('be.visible').should('be.enabled').click();\ncy.wait(4000);",
              "err": {},
              "uuid": "e80ef3d7-075e-42d9-874e-eb6a5c971da1",
              "parentUUID": "90a2c1f2-9066-498d-affb-c04367cf3b41",
              "isHook": false,
              "skipped": false
            },
            {
              "title": "Quote Results",
              "fullTitle": "Avanti Web Quote Results",
              "timedOut": null,
              "duration": 7917,
              "state": "passed",
              "speed": "slow",
              "pass": true,
              "fail": false,
              "pending": false,
              "context": null,
              "code": "cy.location('pathname').should('eq', '/travelinsurance/quote/results');\nvar qr = new _QuoteResults[\"default\"]();\nqr.amtDeluxe().should('be.visible').should('be.enabled').click();\ncy.get('#OEContinueBtn').should('be.visible').should('be.enabled').click();\ncy.get('#cancellationCoverChangeSubmit').should('be.visible').should('be.enabled').click();\ncy.wait(4000);",
              "err": {},
              "uuid": "cf25f73a-3ec8-408c-8c5b-73fad6f89804",
              "parentUUID": "90a2c1f2-9066-498d-affb-c04367cf3b41",
              "isHook": false,
              "skipped": false
            },
            {
              "title": "Confirmation",
              "fullTitle": "Avanti Web Confirmation",
              "timedOut": null,
              "duration": 2676,
              "state": "passed",
              "speed": "slow",
              "pass": true,
              "fail": false,
              "pending": false,
              "context": null,
              "code": "cy.location('pathname').should('eq', '/travelinsurance/quote/payment-details');\ncy.get('#firstLineOfAddress').should('be.visible').should('be.enabled').clear().type(this.organiser.address_1);\ncy.get('#city').should('be.visible').should('be.enabled').clear().type(this.organiser.city);\ncy.get('#year').select(this.organiser.year);\ncy.get('#month').select(this.organiser.month);\ncy.get('#day').select(this.organiser.day);\ncy.get('#creditCardType').select('1').should('have.value', '1');\ncy.get('#user-declaration').click('left');\ncy.get('#user-accept').click('left');",
              "err": {},
              "uuid": "3bbfd633-db14-40ac-9248-bc763bf5aba2",
              "parentUUID": "90a2c1f2-9066-498d-affb-c04367cf3b41",
              "isHook": false,
              "skipped": false
            }
          ],
          "suites": [],
          "passes": [
            "6573278c-94df-4a10-a1c9-0c0838ae6c90",
            "18263923-4063-41a6-a7c6-65b7c55194ed",
            "e80ef3d7-075e-42d9-874e-eb6a5c971da1",
            "cf25f73a-3ec8-408c-8c5b-73fad6f89804",
            "3bbfd633-db14-40ac-9248-bc763bf5aba2"
          ],
          "failures": [],
          "pending": [],
          "skipped": [],
          "duration": 35778,
          "root": false,
          "rootEmpty": false,
          "_timeout": 2000
        },
        {
          "uuid": "a7f5beaa-1918-439c-92f7-b78b6e90e8cd",
          "title": "Sprint 6 Voucher",
          "fullFile": "",
          "file": "",
          "beforeHooks": [],
          "afterHooks": [],
          "tests": [
            {
              "title": "Apply Zero Voucher",
              "fullTitle": "Sprint 6 Voucher Apply Zero Voucher",
              "timedOut": null,
              "duration": 1099,
              "state": "passed",
              "speed": "slow",
              "pass": true,
              "fail": false,
              "pending": false,
              "context": null,
              "code": "cf.payByVoucher().should('be.visible').click();\ncf.enterVoucher().should('be.visible').should('be.enabled').clear().type(this.vouchers.voucher_zero);\ncf.applyVoucher().should('be.visible').should('be.enabled').click();",
              "err": {},
              "uuid": "152b24c3-b76a-4c77-8b67-1ed7efb8fc71",
              "parentUUID": "a7f5beaa-1918-439c-92f7-b78b6e90e8cd",
              "isHook": false,
              "skipped": false
            },
            {
              "title": "Zero Voucher Error Message",
              "fullTitle": "Sprint 6 Voucher Zero Voucher Error Message",
              "timedOut": null,
              "duration": 2280,
              "state": "passed",
              "speed": "slow",
              "pass": true,
              "fail": false,
              "pending": false,
              "context": null,
              "code": "cy.contains('Voucher Code has been used and no further credit remaining');\ncf.voucherHeader().should('not.be.visible');",
              "err": {},
              "uuid": "6eec70a4-8470-4b4a-938c-b7eaa12f4ce6",
              "parentUUID": "a7f5beaa-1918-439c-92f7-b78b6e90e8cd",
              "isHook": false,
              "skipped": false
            },
            {
              "title": "Apply Expired Voucher",
              "fullTitle": "Sprint 6 Voucher Apply Expired Voucher",
              "timedOut": null,
              "duration": 996,
              "state": "passed",
              "speed": "slow",
              "pass": true,
              "fail": false,
              "pending": false,
              "context": null,
              "code": "//cf.payByVoucher().should('be.visible').click()\ncf.enterVoucher().should('be.visible').should('be.enabled').clear().type(this.vouchers.voucher_expired);\ncf.applyVoucher().should('be.visible').should('be.enabled').click();",
              "err": {},
              "uuid": "600a2056-af76-499e-9da1-a813fbdad8d9",
              "parentUUID": "a7f5beaa-1918-439c-92f7-b78b6e90e8cd",
              "isHook": false,
              "skipped": false
            },
            {
              "title": "Expired Voucher Error Message",
              "fullTitle": "Sprint 6 Voucher Expired Voucher Error Message",
              "timedOut": null,
              "duration": 2340,
              "state": "passed",
              "speed": "slow",
              "pass": true,
              "fail": false,
              "pending": false,
              "context": null,
              "code": "cy.contains('Expired Voucher Code');\ncf.voucherHeader().should('not.be.visible');",
              "err": {},
              "uuid": "01f1c2ef-c1c7-41a6-bb1e-71d52a51d443",
              "parentUUID": "a7f5beaa-1918-439c-92f7-b78b6e90e8cd",
              "isHook": false,
              "skipped": false
            },
            {
              "title": "Apply Invalid Voucher",
              "fullTitle": "Sprint 6 Voucher Apply Invalid Voucher",
              "timedOut": null,
              "duration": 958,
              "state": "passed",
              "speed": "slow",
              "pass": true,
              "fail": false,
              "pending": false,
              "context": null,
              "code": "//cf.payByVoucher().should('be.visible').click()\ncf.enterVoucher().should('be.visible').should('be.enabled').clear().type(this.vouchers.voucher_invalid);\ncf.applyVoucher().should('be.visible').should('be.enabled').click();",
              "err": {},
              "uuid": "72a17d22-ef5b-4bb6-9e2b-7c67dcd2f039",
              "parentUUID": "a7f5beaa-1918-439c-92f7-b78b6e90e8cd",
              "isHook": false,
              "skipped": false
            },
            {
              "title": "Invalid Voucher Error Message",
              "fullTitle": "Sprint 6 Voucher Invalid Voucher Error Message",
              "timedOut": null,
              "duration": 1826,
              "state": "passed",
              "speed": "slow",
              "pass": true,
              "fail": false,
              "pending": false,
              "context": null,
              "code": "cy.contains('Incorrect Voucher Code, please try again');\ncf.voucherHeader().should('not.be.visible');",
              "err": {},
              "uuid": "c62a9238-fc44-425a-bf82-8639297b7e8d",
              "parentUUID": "a7f5beaa-1918-439c-92f7-b78b6e90e8cd",
              "isHook": false,
              "skipped": false
            },
            {
              "title": "Apply Voucher Less Than Policy Price",
              "fullTitle": "Sprint 6 Voucher Apply Voucher Less Than Policy Price",
              "timedOut": null,
              "duration": 693,
              "state": "passed",
              "speed": "slow",
              "pass": true,
              "fail": false,
              "pending": false,
              "context": null,
              "code": "//cf.payByVoucher().should('be.visible').click()\ncf.enterVoucher().should('be.visible').should('be.enabled').clear().type(this.vouchers.voucherSmall);\ncf.applyVoucher().should('be.visible').should('be.enabled').click();",
              "err": {},
              "uuid": "a0f26b9b-8482-48c4-9065-c478d9216291",
              "parentUUID": "a7f5beaa-1918-439c-92f7-b78b6e90e8cd",
              "isHook": false,
              "skipped": false
            },
            {
              "title": "Voucher less than policy",
              "fullTitle": "Sprint 6 Voucher Voucher less than policy",
              "timedOut": null,
              "duration": 2122,
              "state": "passed",
              "speed": "slow",
              "pass": true,
              "fail": false,
              "pending": false,
              "context": null,
              "code": "cy.contains('Your voucher has been added');\ncf.voucherHeader().should('not.be.visible');\ncf.cardType().should('be.visible');\ncf.purchasePolicy().should('be.visible').contains('Make Payment');",
              "err": {},
              "uuid": "548eb800-3c05-4c75-97b3-6ce980861b2d",
              "parentUUID": "a7f5beaa-1918-439c-92f7-b78b6e90e8cd",
              "isHook": false,
              "skipped": false
            },
            {
              "title": "Close voucher box",
              "fullTitle": "Sprint 6 Voucher Close voucher box",
              "timedOut": null,
              "duration": 4429,
              "state": "passed",
              "speed": "slow",
              "pass": true,
              "fail": false,
              "pending": false,
              "context": null,
              "code": "cf.closeVoucher().click();\ncf.closeVoucherConf().click();\ncy.wait(4000);",
              "err": {},
              "uuid": "b09c0240-7a03-4f0a-bd7f-c2b6fc44e272",
              "parentUUID": "a7f5beaa-1918-439c-92f7-b78b6e90e8cd",
              "isHook": false,
              "skipped": false
            },
            {
              "title": "Apply Voucher More Than Policy Price",
              "fullTitle": "Sprint 6 Voucher Apply Voucher More Than Policy Price",
              "timedOut": null,
              "duration": 968,
              "state": "passed",
              "speed": "slow",
              "pass": true,
              "fail": false,
              "pending": false,
              "context": null,
              "code": "cf.payByVoucher().should('be.visible').click();\ncf.enterVoucher().should('be.visible').should('be.enabled').clear().type(this.vouchers.voucherLarge);\ncf.applyVoucher().should('be.visible').should('be.enabled').click();",
              "err": {},
              "uuid": "b51f4040-8a44-47a1-985a-c191a0c5fb64",
              "parentUUID": "a7f5beaa-1918-439c-92f7-b78b6e90e8cd",
              "isHook": false,
              "skipped": false
            },
            {
              "title": "Voucher more than policy",
              "fullTitle": "Sprint 6 Voucher Voucher more than policy",
              "timedOut": null,
              "duration": 2300,
              "state": "passed",
              "speed": "slow",
              "pass": true,
              "fail": false,
              "pending": false,
              "context": null,
              "code": "cy.contains('Your voucher has been added');\ncy.contains('Remaining voucher credit');\ncf.voucherHeader().should('not.be.visible');\ncf.cardType().should('not.be.visible');\ncf.purchasePolicy().should('be.visible').contains('Create Policy');",
              "err": {},
              "uuid": "3ff27c38-dcdb-4a08-af50-b1c7894a4300",
              "parentUUID": "a7f5beaa-1918-439c-92f7-b78b6e90e8cd",
              "isHook": false,
              "skipped": false
            },
            {
              "title": "Create Policy",
              "fullTitle": "Sprint 6 Voucher Create Policy",
              "timedOut": null,
              "duration": 291,
              "state": "passed",
              "speed": "slow",
              "pass": true,
              "fail": false,
              "pending": false,
              "context": null,
              "code": "cf.purchasePolicy().should('be.visible').contains('Create Policy').click();",
              "err": {},
              "uuid": "e0dac7a4-b581-4827-b78d-5531d252d2ff",
              "parentUUID": "a7f5beaa-1918-439c-92f7-b78b6e90e8cd",
              "isHook": false,
              "skipped": false
            }
          ],
          "suites": [],
          "passes": [
            "152b24c3-b76a-4c77-8b67-1ed7efb8fc71",
            "6eec70a4-8470-4b4a-938c-b7eaa12f4ce6",
            "600a2056-af76-499e-9da1-a813fbdad8d9",
            "01f1c2ef-c1c7-41a6-bb1e-71d52a51d443",
            "72a17d22-ef5b-4bb6-9e2b-7c67dcd2f039",
            "c62a9238-fc44-425a-bf82-8639297b7e8d",
            "a0f26b9b-8482-48c4-9065-c478d9216291",
            "548eb800-3c05-4c75-97b3-6ce980861b2d",
            "b09c0240-7a03-4f0a-bd7f-c2b6fc44e272",
            "b51f4040-8a44-47a1-985a-c191a0c5fb64",
            "3ff27c38-dcdb-4a08-af50-b1c7894a4300",
            "e0dac7a4-b581-4827-b78d-5531d252d2ff"
          ],
          "failures": [],
          "pending": [],
          "skipped": [],
          "duration": 20302,
          "root": false,
          "rootEmpty": false,
          "_timeout": 2000
        }
      ],
      "passes": [],
      "failures": [],
      "pending": [],
      "skipped": [],
      "duration": 0,
      "root": true,
      "rootEmpty": true,
      "_timeout": 2000
    }
  ],
  "meta": {
    "mocha": {
      "version": "7.0.1"
    },
    "mochawesome": {
      "options": {
        "quiet": false,
        "reportFilename": "mochawesome",
        "saveHtml": true,
        "saveJson": true,
        "consoleReporter": "spec",
        "useInlineDiffs": false,
        "code": true
      },
      "version": "6.1.1"
    },
    "marge": {
      "options": {
        "id": "default",
        "reportDir": "cypress/reports/mocha",
        "quite": true,
        "overwrite": false,
        "html": true,
        "json": true
      },
      "version": "5.1.0"
    }
  }
}