{
  "stats": {
    "suites": 1,
    "tests": 14,
    "passes": 14,
    "pending": 0,
    "failures": 0,
    "start": "2020-08-18T12:22:51.626Z",
    "end": "2020-08-18T12:23:29.951Z",
    "duration": 38325,
    "testsRegistered": 14,
    "passPercent": 100,
    "pendingPercent": 0,
    "other": 0,
    "hasOther": false,
    "skipped": 0,
    "hasSkipped": false
  },
  "results": [
    {
      "uuid": "8846fc71-458d-4155-8f76-58b38c7f7cf2",
      "title": "",
      "fullFile": "cypress\\integration\\TravelAdvise\\aco_errata_stc.js",
      "file": "cypress\\integration\\TravelAdvise\\aco_errata_stc.js",
      "beforeHooks": [],
      "afterHooks": [],
      "tests": [],
      "suites": [
        {
          "uuid": "d7ee95a3-d9cd-463c-a72a-3e334517c9f7",
          "title": "Staysure Web",
          "fullFile": "",
          "file": "",
          "beforeHooks": [],
          "afterHooks": [],
          "tests": [
            {
              "title": "Get Quote",
              "fullTitle": "Staysure Web Get Quote",
              "timedOut": null,
              "duration": 2046,
              "state": "passed",
              "speed": "slow",
              "pass": true,
              "fail": false,
              "pending": false,
              "context": null,
              "code": "cy.web(this.meta.server, this.meta.domain);\ncy.location('pathname').should('eq', '/travelinsurance/quote/policy-details');",
              "err": {},
              "uuid": "de0ea780-ff0a-4cf1-9b59-deae3d8e1bea",
              "parentUUID": "d7ee95a3-d9cd-463c-a72a-3e334517c9f7",
              "isHook": false,
              "skipped": false
            },
            {
              "title": "Travel Details",
              "fullTitle": "Staysure Web Travel Details",
              "timedOut": null,
              "duration": 10246,
              "state": "passed",
              "speed": "slow",
              "pass": true,
              "fail": false,
              "pending": false,
              "context": null,
              "code": "cy.location('pathname').should('eq', '/travelinsurance/quote/policy-details');\nvar td = new _TravelDetails[\"default\"]();\ntd.policyST().click();\ntd.cruiseNo().click();\ntd.partyIndividual().click();\ntd.traveller1Age().should('be.visible').should('be.enabled').clear().type(this.quote.traveller_1);\ntd.orgTitle().select(this.organiser.organiserTitle);\ntd.orgFname().should('be.visible').should('be.enabled').clear().type(this.organiser.firstname);\ntd.orgLname().should('be.visible').should('be.enabled').clear().type(this.organiser.lastname);\ntd.orgEmail().should('be.visible').should('be.enabled').clear().type(this.organiser.email);\ntd.orgTel().should('be.visible').should('be.enabled').clear().type(this.organiser.dayTimeTelephone);\ntd.orgPostcode().should('be.visible').should('be.enabled').clear().type(this.organiser.postcode);\ntd.departDate().should('be.visible').should('be.enabled').clear().type(this.quote.departure);\ntd.destination0().clear().type(this.quote.country_1);\ntd.searchCountry0().contains(this.quote.country_1).click();\ntd.multipleYes().click();\ncy.get('#add-destination').click();\ntd.destination1().clear().type(this.quote.tda_country_2);\ntd.searchCountry1().contains(this.quote.tda_country_2).click();\ncy.get('#add-destination').click();\ntd.destination2().clear().type(this.quote.tda_country_3);\ntd.searchCountry2().contains(this.quote.tda_country_3).click();\ncy.get('#add-destination').click();\ntd.destination3().clear().type(this.quote.tda_country_4);\ntd.searchCountry3().contains(this.quote.tda_country_4).click();\ntd.returnDate().should('be.visible').should('be.enabled').clear().type(this.quote[\"return\"]);\ntd.submitButton().should('be.visible').should('be.enabled').click();\ncy.wait(4000);",
              "err": {},
              "uuid": "8a5ed4a3-ffe2-41a0-80fd-c9c1fb91a9d1",
              "parentUUID": "d7ee95a3-d9cd-463c-a72a-3e334517c9f7",
              "isHook": false,
              "skipped": false
            },
            {
              "title": "Medical Declaration",
              "fullTitle": "Staysure Web Medical Declaration",
              "timedOut": null,
              "duration": 5401,
              "state": "passed",
              "speed": "slow",
              "pass": true,
              "fail": false,
              "pending": false,
              "context": null,
              "code": "cy.location('pathname').should('eq', '/travelinsurance/quote/personal-details');\nvar md = new _MedicalDeclaration[\"default\"]();\nmd.traveller1Title().should('be.visible').should('be.enabled').select(this.organiser.organiserTitle);\nmd.traveller1Name().should('be.visible').should('be.enabled').clear().type(this.organiser.firstname);\nmd.traveller1Surname().should('be.visible').should('be.enabled').clear().type(this.organiser.lastname);\nmd.medicalAccept().click();\nmd.medicalAcceptConf().click();\nmd.traveller1MedicalNo().click();\nmd.submitMedical().should('be.visible').should('be.enabled').click();\ncy.wait(4000);",
              "err": {},
              "uuid": "a1e8bdaf-2c83-4e97-87e6-a70157a76596",
              "parentUUID": "d7ee95a3-d9cd-463c-a72a-3e334517c9f7",
              "isHook": false,
              "skipped": false
            },
            {
              "title": "Single Trip Comprehensive",
              "fullTitle": "Staysure Web Single Trip Comprehensive",
              "timedOut": null,
              "duration": 195,
              "state": "passed",
              "speed": "slow",
              "pass": true,
              "fail": false,
              "pending": false,
              "context": null,
              "code": "cy.location('pathname').should('eq', '/travelinsurance/quote/results');\nvar qr = new _QuoteResults[\"default\"]();\nqr.stComprehensive().should('be.visible').should('be.enabled').click();",
              "err": {},
              "uuid": "d5442c37-5b71-48cf-b573-13921bb7616e",
              "parentUUID": "d7ee95a3-d9cd-463c-a72a-3e334517c9f7",
              "isHook": false,
              "skipped": false
            },
            {
              "title": "Travel Advisory Extension Visibility",
              "fullTitle": "Staysure Web Travel Advisory Extension Visibility",
              "timedOut": null,
              "duration": 723,
              "state": "passed",
              "speed": "slow",
              "pass": true,
              "fail": false,
              "pending": false,
              "context": null,
              "code": "cy.contains(this.popups.Travel_Advice_Extension_Label);",
              "err": {},
              "uuid": "6a5169b1-ccf2-496c-98c6-7a9ab06dea9e",
              "parentUUID": "d7ee95a3-d9cd-463c-a72a-3e334517c9f7",
              "isHook": false,
              "skipped": false
            },
            {
              "title": "Travel Advisory Extension More Information Popup Open",
              "fullTitle": "Staysure Web Travel Advisory Extension More Information Popup Open",
              "timedOut": null,
              "duration": 140,
              "state": "passed",
              "speed": "slow",
              "pass": true,
              "fail": false,
              "pending": false,
              "context": null,
              "code": "var qr = new _QuoteResults[\"default\"]();\nqr.travelAdviseExtensionPopupOpen().click();",
              "err": {},
              "uuid": "37b7072a-4770-4446-bd48-094b1a424c61",
              "parentUUID": "d7ee95a3-d9cd-463c-a72a-3e334517c9f7",
              "isHook": false,
              "skipped": false
            },
            {
              "title": "Travel Advisory Extension More Information Popup Content",
              "fullTitle": "Staysure Web Travel Advisory Extension More Information Popup Content",
              "timedOut": null,
              "duration": 42,
              "state": "passed",
              "speed": "medium",
              "pass": true,
              "fail": false,
              "pending": false,
              "context": null,
              "code": "cy.contains(this.popups.Travel_Advice_Extension);",
              "err": {},
              "uuid": "d6bfe689-a064-4aee-bfda-b969a992af06",
              "parentUUID": "d7ee95a3-d9cd-463c-a72a-3e334517c9f7",
              "isHook": false,
              "skipped": false
            },
            {
              "title": "Travel Advisory Extension More Information Popup Exit",
              "fullTitle": "Staysure Web Travel Advisory Extension More Information Popup Exit",
              "timedOut": null,
              "duration": 99,
              "state": "passed",
              "speed": "slow",
              "pass": true,
              "fail": false,
              "pending": false,
              "context": null,
              "code": "var qr = new _QuoteResults[\"default\"]();\nqr.travelAdviseExtensionPopupClose().click();",
              "err": {},
              "uuid": "b15949ab-17da-4d66-b1fb-1eafbd27226f",
              "parentUUID": "d7ee95a3-d9cd-463c-a72a-3e334517c9f7",
              "isHook": false,
              "skipped": false
            },
            {
              "title": "Select Travel Advisory Extension",
              "fullTitle": "Staysure Web Select Travel Advisory Extension",
              "timedOut": null,
              "duration": 181,
              "state": "passed",
              "speed": "slow",
              "pass": true,
              "fail": false,
              "pending": false,
              "context": null,
              "code": "var qr = new _QuoteResults[\"default\"]();\ncy.contains(this.popups.Travel_Advice_Extension_Label);\nqr.travelAdviseExtension().should('be.visible').click();",
              "err": {},
              "uuid": "f683214d-00c8-4f31-8aaf-b50a75286b12",
              "parentUUID": "d7ee95a3-d9cd-463c-a72a-3e334517c9f7",
              "isHook": false,
              "skipped": false
            },
            {
              "title": "Submit Quote Results",
              "fullTitle": "Staysure Web Submit Quote Results",
              "timedOut": null,
              "duration": 203,
              "state": "passed",
              "speed": "slow",
              "pass": true,
              "fail": false,
              "pending": false,
              "context": null,
              "code": "var qr = new _QuoteResults[\"default\"]();\nqr.continueOE().should('be.visible').should('be.enabled').click();",
              "err": {},
              "uuid": "74eb5da5-03b6-4c42-ad22-ed951116a06a",
              "parentUUID": "d7ee95a3-d9cd-463c-a72a-3e334517c9f7",
              "isHook": false,
              "skipped": false
            },
            {
              "title": "Confirmation",
              "fullTitle": "Staysure Web Confirmation",
              "timedOut": null,
              "duration": 4952,
              "state": "passed",
              "speed": "slow",
              "pass": true,
              "fail": false,
              "pending": false,
              "context": null,
              "code": "cy.location('pathname').should('eq', '/travelinsurance/quote/payment-details');\nvar cf = new _Confirmation[\"default\"]();\ncf.addressLine1().should('be.visible').should('be.enabled').clear().type(this.organiser.address_1);\ncf.addressCity().should('be.visible').should('be.enabled').clear().type(this.organiser.city);\ncf.dobYYYY().select(this.organiser.year);\ncf.dobMM().select(this.organiser.month);\ncf.dobDD().select(this.organiser.day);\ncf.cardType().select('1').should('have.value', '1');\ncf.userDeclaration().click('left');\ncf.userAccept().click('left');",
              "err": {},
              "uuid": "cf5b96ca-5e8a-48a8-a5d7-929fa8021f13",
              "parentUUID": "d7ee95a3-d9cd-463c-a72a-3e334517c9f7",
              "isHook": false,
              "skipped": false
            },
            {
              "title": "Purchase Policy",
              "fullTitle": "Staysure Web Purchase Policy",
              "timedOut": null,
              "duration": 4237,
              "state": "passed",
              "speed": "slow",
              "pass": true,
              "fail": false,
              "pending": false,
              "context": null,
              "code": "var cf = new _Confirmation[\"default\"]();\ncf.purchasePolicy().should('be.visible').should('be.enabled').click();\ncy.wait(4000);",
              "err": {},
              "uuid": "90b5ac6d-9178-4926-9f12-c3f64f01cb5b",
              "parentUUID": "d7ee95a3-d9cd-463c-a72a-3e334517c9f7",
              "isHook": false,
              "skipped": false
            },
            {
              "title": "Barclayscard Smartpay",
              "fullTitle": "Staysure Web Barclayscard Smartpay",
              "timedOut": null,
              "duration": 6244,
              "state": "passed",
              "speed": "slow",
              "pass": true,
              "fail": false,
              "pending": false,
              "context": null,
              "code": "var pm = new _Payment[\"default\"]();\npm.cardNumber().clear().type(this.meta.cc);\npm.cardHolderName().clear().type(this.meta.name);\npm.expiryMonth().select(this.meta.mm);\npm.expiryYear().select(this.meta.yyyy);\npm.cvcCode().clear().type(this.meta.cvv);\npm.submit().click();",
              "err": {},
              "uuid": "5ef25a3d-c2ba-47d4-8940-1c1a1966106e",
              "parentUUID": "d7ee95a3-d9cd-463c-a72a-3e334517c9f7",
              "isHook": false,
              "skipped": false
            },
            {
              "title": "Thank you page",
              "fullTitle": "Staysure Web Thank you page",
              "timedOut": null,
              "duration": 252,
              "state": "passed",
              "speed": "slow",
              "pass": true,
              "fail": false,
              "pending": false,
              "context": null,
              "code": "cy.location('pathname').should('eq', '/travelinsurance/quote/you-are-now-insured');",
              "err": {},
              "uuid": "6054c906-1cf9-44ae-b7bf-246e52d1c56d",
              "parentUUID": "d7ee95a3-d9cd-463c-a72a-3e334517c9f7",
              "isHook": false,
              "skipped": false
            }
          ],
          "suites": [],
          "passes": [
            "de0ea780-ff0a-4cf1-9b59-deae3d8e1bea",
            "8a5ed4a3-ffe2-41a0-80fd-c9c1fb91a9d1",
            "a1e8bdaf-2c83-4e97-87e6-a70157a76596",
            "d5442c37-5b71-48cf-b573-13921bb7616e",
            "6a5169b1-ccf2-496c-98c6-7a9ab06dea9e",
            "37b7072a-4770-4446-bd48-094b1a424c61",
            "d6bfe689-a064-4aee-bfda-b969a992af06",
            "b15949ab-17da-4d66-b1fb-1eafbd27226f",
            "f683214d-00c8-4f31-8aaf-b50a75286b12",
            "74eb5da5-03b6-4c42-ad22-ed951116a06a",
            "cf5b96ca-5e8a-48a8-a5d7-929fa8021f13",
            "90b5ac6d-9178-4926-9f12-c3f64f01cb5b",
            "5ef25a3d-c2ba-47d4-8940-1c1a1966106e",
            "6054c906-1cf9-44ae-b7bf-246e52d1c56d"
          ],
          "failures": [],
          "pending": [],
          "skipped": [],
          "duration": 34961,
          "root": false,
          "rootEmpty": false,
          "_timeout": 2000
        }
      ],
      "passes": [],
      "failures": [],
      "pending": [],
      "skipped": [],
      "duration": 0,
      "root": true,
      "rootEmpty": true,
      "_timeout": 2000
    }
  ],
  "meta": {
    "mocha": {
      "version": "7.0.1"
    },
    "mochawesome": {
      "options": {
        "quiet": false,
        "reportFilename": "mochawesome",
        "saveHtml": true,
        "saveJson": true,
        "consoleReporter": "spec",
        "useInlineDiffs": false,
        "code": true
      },
      "version": "6.1.1"
    },
    "marge": {
      "options": {
        "id": "default",
        "reportDir": "cypress/reports/mocha",
        "quite": true,
        "overwrite": true,
        "html": true,
        "json": true
      },
      "version": "5.1.0"
    }
  }
}