{
  "stats": {
    "suites": 2,
    "tests": 17,
    "passes": 17,
    "pending": 0,
    "failures": 0,
    "start": "2020-06-15T13:26:39.548Z",
    "end": "2020-06-15T13:27:31.020Z",
    "duration": 51472,
    "testsRegistered": 17,
    "passPercent": 100,
    "pendingPercent": 0,
    "other": 0,
    "hasOther": false,
    "skipped": 0,
    "hasSkipped": false
  },
  "results": [
    {
      "uuid": "8fd2c906-24ed-414a-95a7-d702a4735333",
      "title": "",
      "fullFile": "cypress\\integration\\StaysureWeb.js",
      "file": "cypress\\integration\\StaysureWeb.js",
      "beforeHooks": [],
      "afterHooks": [],
      "tests": [],
      "suites": [
        {
          "uuid": "e76a8155-7f8d-4af0-bd82-d4f3bf8f2b3b",
          "title": "Staysure Web",
          "fullFile": "",
          "file": "",
          "beforeHooks": [],
          "afterHooks": [],
          "tests": [
            {
              "title": "Get Quote",
              "fullTitle": "Staysure Web Get Quote",
              "timedOut": null,
              "duration": 2495,
              "state": "passed",
              "speed": "slow",
              "pass": true,
              "fail": false,
              "pending": false,
              "context": null,
              "code": "cy.web('uat02', 'sts');\ncy.location('pathname').should('eq', '/travelinsurance/quote/policy-details');",
              "err": {},
              "uuid": "200670c5-84cf-4e89-870b-b1105f3aa015",
              "parentUUID": "e76a8155-7f8d-4af0-bd82-d4f3bf8f2b3b",
              "isHook": false,
              "skipped": false
            },
            {
              "title": "Travel Details",
              "fullTitle": "Staysure Web Travel Details",
              "timedOut": null,
              "duration": 9388,
              "state": "passed",
              "speed": "slow",
              "pass": true,
              "fail": false,
              "pending": false,
              "context": null,
              "code": "cy.location('pathname').should('eq', '/travelinsurance/quote/policy-details');\nvar td = new _TravelDetails[\"default\"]();\ntd.policyST().click();\ntd.cruiseNo().click();\ntd.partyIndividual().click();\ntd.traveller1Age().should('be.visible').should('be.enabled').clear().type(this.quote.traveller_1);\ntd.orgTitle().select(this.organiser.organiserTitle);\ntd.orgFname().should('be.visible').should('be.enabled').clear().type(this.organiser.firstname);\ntd.orgLname().should('be.visible').should('be.enabled').clear().type(this.organiser.lastname);\ntd.orgEmail().should('be.visible').should('be.enabled').clear().type(this.organiser.email);\ntd.orgTel().should('be.visible').should('be.enabled').clear().type(this.organiser.dayTimeTelephone);\ntd.orgPostcode().should('be.visible').should('be.enabled').clear().type(this.organiser.postcode);\ntd.departDate().should('be.visible').should('be.enabled').clear().type(this.quote.departure);\ntd.destination0().clear().type(this.quote.country_1);\ntd.destination0().type('{downarrow}{enter}');\ntd.multipleNo().click();\ntd.returnDate().should('be.visible').should('be.enabled').clear().type(this.quote[\"return\"]);\ntd.submitButton().should('be.visible').should('be.enabled').click();\ncy.wait(4000);",
              "err": {},
              "uuid": "fb620d22-6b99-48f0-975f-a05df4887431",
              "parentUUID": "e76a8155-7f8d-4af0-bd82-d4f3bf8f2b3b",
              "isHook": false,
              "skipped": false
            },
            {
              "title": "Medical Declaration",
              "fullTitle": "Staysure Web Medical Declaration",
              "timedOut": null,
              "duration": 5789,
              "state": "passed",
              "speed": "slow",
              "pass": true,
              "fail": false,
              "pending": false,
              "context": null,
              "code": "cy.location('pathname').should('eq', '/travelinsurance/quote/personal-details');\ncy.get('#traveler_title_0').should('be.visible').should('be.enabled').select(this.organiser.organiserTitle);\ncy.get('#traveler_first_name_0').should('be.visible').should('be.enabled').clear().type(this.organiser.firstname);\ncy.get('#traveler_last_name_0').should('be.visible').should('be.enabled').clear().type(this.organiser.lastname);\ncy.get('#checkbox-accept-label').click();\ncy.get(':nth-child(2) > label').click();\ncy.get(':nth-child(6) > .btn').click();\ncy.get('#medical_dec_submit_btn').should('be.visible').should('be.enabled').click();\ncy.wait(4000);",
              "err": {},
              "uuid": "b2a79d3c-de78-424e-9610-95eb35a50e67",
              "parentUUID": "e76a8155-7f8d-4af0-bd82-d4f3bf8f2b3b",
              "isHook": false,
              "skipped": false
            },
            {
              "title": "Quote Results",
              "fullTitle": "Staysure Web Quote Results",
              "timedOut": null,
              "duration": 5394,
              "state": "passed",
              "speed": "slow",
              "pass": true,
              "fail": false,
              "pending": false,
              "context": null,
              "code": "cy.location('pathname').should('eq', '/travelinsurance/quote/results');\nvar qr = new _QuoteResults[\"default\"]();\nqr.amtC().should('be.visible').should('be.enabled').click();\ncy.get('#OEContinueBtn').should('be.visible').should('be.enabled').click();\ncy.get('#cancellationCoverChangeSubmit').should('be.visible').should('be.enabled').click();\ncy.wait(4000);",
              "err": {},
              "uuid": "998c636a-e7fa-41ec-8b19-71c1e84cd5e7",
              "parentUUID": "e76a8155-7f8d-4af0-bd82-d4f3bf8f2b3b",
              "isHook": false,
              "skipped": false
            },
            {
              "title": "Confirmation",
              "fullTitle": "Staysure Web Confirmation",
              "timedOut": null,
              "duration": 2288,
              "state": "passed",
              "speed": "slow",
              "pass": true,
              "fail": false,
              "pending": false,
              "context": null,
              "code": "cy.location('pathname').should('eq', '/travelinsurance/quote/payment-details');\ncy.get('#firstLineOfAddress').should('be.visible').should('be.enabled').clear().type(this.organiser.address_1);\ncy.get('#city').should('be.visible').should('be.enabled').clear().type(this.organiser.city);\ncy.get('#year').select(this.organiser.year);\ncy.get('#month').select(this.organiser.month);\ncy.get('#day').select(this.organiser.day);\ncy.get('#creditCardType').select('1').should('have.value', '1');\ncy.get('#user-declaration').click('left');\ncy.get('#user-accept').click('left');",
              "err": {},
              "uuid": "1288cb51-c2d7-4043-a639-a5a932aa3bb8",
              "parentUUID": "e76a8155-7f8d-4af0-bd82-d4f3bf8f2b3b",
              "isHook": false,
              "skipped": false
            }
          ],
          "suites": [],
          "passes": [
            "200670c5-84cf-4e89-870b-b1105f3aa015",
            "fb620d22-6b99-48f0-975f-a05df4887431",
            "b2a79d3c-de78-424e-9610-95eb35a50e67",
            "998c636a-e7fa-41ec-8b19-71c1e84cd5e7",
            "1288cb51-c2d7-4043-a639-a5a932aa3bb8"
          ],
          "failures": [],
          "pending": [],
          "skipped": [],
          "duration": 25354,
          "root": false,
          "rootEmpty": false,
          "_timeout": 2000
        },
        {
          "uuid": "cdcbd6bd-4d21-4067-a2b7-808988ee71d2",
          "title": "Sprint 6 Voucher",
          "fullFile": "",
          "file": "",
          "beforeHooks": [],
          "afterHooks": [],
          "tests": [
            {
              "title": "Apply Zero Voucher",
              "fullTitle": "Sprint 6 Voucher Apply Zero Voucher",
              "timedOut": null,
              "duration": 800,
              "state": "passed",
              "speed": "slow",
              "pass": true,
              "fail": false,
              "pending": false,
              "context": null,
              "code": "cf.payByVoucher().should('be.visible').click();\ncf.enterVoucher().should('be.visible').should('be.enabled').clear().type(this.vouchers.voucher_zero);\ncf.applyVoucher().should('be.visible').should('be.enabled').click();",
              "err": {},
              "uuid": "bfc679d8-58f1-465b-9372-b6353e08908a",
              "parentUUID": "cdcbd6bd-4d21-4067-a2b7-808988ee71d2",
              "isHook": false,
              "skipped": false
            },
            {
              "title": "Zero Voucher Error Message",
              "fullTitle": "Sprint 6 Voucher Zero Voucher Error Message",
              "timedOut": null,
              "duration": 1473,
              "state": "passed",
              "speed": "slow",
              "pass": true,
              "fail": false,
              "pending": false,
              "context": null,
              "code": "cy.contains('Voucher Code has been used and no further credit remaining');\ncf.voucherHeader().should('not.be.visible');",
              "err": {},
              "uuid": "8ed1f176-c10c-4775-821f-c97b82fc5d19",
              "parentUUID": "cdcbd6bd-4d21-4067-a2b7-808988ee71d2",
              "isHook": false,
              "skipped": false
            },
            {
              "title": "Apply Expired Voucher",
              "fullTitle": "Sprint 6 Voucher Apply Expired Voucher",
              "timedOut": null,
              "duration": 761,
              "state": "passed",
              "speed": "slow",
              "pass": true,
              "fail": false,
              "pending": false,
              "context": null,
              "code": "//cf.payByVoucher().should('be.visible').click()\ncf.enterVoucher().should('be.visible').should('be.enabled').clear().type(this.vouchers.voucher_expired);\ncf.applyVoucher().should('be.visible').should('be.enabled').click();",
              "err": {},
              "uuid": "3ac43ca1-ce26-404a-9d43-9bbe53f66ccd",
              "parentUUID": "cdcbd6bd-4d21-4067-a2b7-808988ee71d2",
              "isHook": false,
              "skipped": false
            },
            {
              "title": "Expired Voucher Error Message",
              "fullTitle": "Sprint 6 Voucher Expired Voucher Error Message",
              "timedOut": null,
              "duration": 1116,
              "state": "passed",
              "speed": "slow",
              "pass": true,
              "fail": false,
              "pending": false,
              "context": null,
              "code": "cy.contains('Expired Voucher Code');\ncf.voucherHeader().should('not.be.visible');",
              "err": {},
              "uuid": "face5975-b634-420a-9919-e846181cdd56",
              "parentUUID": "cdcbd6bd-4d21-4067-a2b7-808988ee71d2",
              "isHook": false,
              "skipped": false
            },
            {
              "title": "Apply Invalid Voucher",
              "fullTitle": "Sprint 6 Voucher Apply Invalid Voucher",
              "timedOut": null,
              "duration": 633,
              "state": "passed",
              "speed": "slow",
              "pass": true,
              "fail": false,
              "pending": false,
              "context": null,
              "code": "//cf.payByVoucher().should('be.visible').click()\ncf.enterVoucher().should('be.visible').should('be.enabled').clear().type(this.vouchers.voucher_invalid);\ncf.applyVoucher().should('be.visible').should('be.enabled').click();",
              "err": {},
              "uuid": "fabe3b80-c8e4-465d-8666-8f4c78092f57",
              "parentUUID": "cdcbd6bd-4d21-4067-a2b7-808988ee71d2",
              "isHook": false,
              "skipped": false
            },
            {
              "title": "Invalid Voucher Error Message",
              "fullTitle": "Sprint 6 Voucher Invalid Voucher Error Message",
              "timedOut": null,
              "duration": 1281,
              "state": "passed",
              "speed": "slow",
              "pass": true,
              "fail": false,
              "pending": false,
              "context": null,
              "code": "cy.contains('Incorrect Voucher Code, please try again');\ncf.voucherHeader().should('not.be.visible');",
              "err": {},
              "uuid": "449d70d9-0d6f-4302-9d70-733fcfe636fc",
              "parentUUID": "cdcbd6bd-4d21-4067-a2b7-808988ee71d2",
              "isHook": false,
              "skipped": false
            },
            {
              "title": "Apply Voucher Less Than Policy Price",
              "fullTitle": "Sprint 6 Voucher Apply Voucher Less Than Policy Price",
              "timedOut": null,
              "duration": 653,
              "state": "passed",
              "speed": "slow",
              "pass": true,
              "fail": false,
              "pending": false,
              "context": null,
              "code": "//cf.payByVoucher().should('be.visible').click()\ncf.enterVoucher().should('be.visible').should('be.enabled').clear().type(this.vouchers.voucherSmall);\ncf.applyVoucher().should('be.visible').should('be.enabled').click();",
              "err": {},
              "uuid": "14677998-83cb-42c1-85f1-452fba107356",
              "parentUUID": "cdcbd6bd-4d21-4067-a2b7-808988ee71d2",
              "isHook": false,
              "skipped": false
            },
            {
              "title": "Voucher less than policy",
              "fullTitle": "Sprint 6 Voucher Voucher less than policy",
              "timedOut": null,
              "duration": 1085,
              "state": "passed",
              "speed": "slow",
              "pass": true,
              "fail": false,
              "pending": false,
              "context": null,
              "code": "cy.contains('Your voucher has been added');\ncf.voucherHeader().should('not.be.visible');\ncf.cardType().should('be.visible');\ncf.purchasePolicy().should('be.visible').contains('Make Payment');",
              "err": {},
              "uuid": "167d8b76-7f9d-4258-9b8e-a8c7b2e47a9c",
              "parentUUID": "cdcbd6bd-4d21-4067-a2b7-808988ee71d2",
              "isHook": false,
              "skipped": false
            },
            {
              "title": "Close voucher box",
              "fullTitle": "Sprint 6 Voucher Close voucher box",
              "timedOut": null,
              "duration": 4364,
              "state": "passed",
              "speed": "slow",
              "pass": true,
              "fail": false,
              "pending": false,
              "context": null,
              "code": "cf.closeVoucher().click();\ncf.closeVoucherConf().click();\ncy.wait(4000);",
              "err": {},
              "uuid": "e443dc18-50be-40a7-9517-f50dba8a520f",
              "parentUUID": "cdcbd6bd-4d21-4067-a2b7-808988ee71d2",
              "isHook": false,
              "skipped": false
            },
            {
              "title": "Apply Voucher More Than Policy Price",
              "fullTitle": "Sprint 6 Voucher Apply Voucher More Than Policy Price",
              "timedOut": null,
              "duration": 943,
              "state": "passed",
              "speed": "slow",
              "pass": true,
              "fail": false,
              "pending": false,
              "context": null,
              "code": "cf.payByVoucher().should('be.visible').click();\ncf.enterVoucher().should('be.visible').should('be.enabled').clear().type(this.vouchers.voucherLarge);\ncf.applyVoucher().should('be.visible').should('be.enabled').click();",
              "err": {},
              "uuid": "e4973949-3663-4b58-9d77-179b736fd50f",
              "parentUUID": "cdcbd6bd-4d21-4067-a2b7-808988ee71d2",
              "isHook": false,
              "skipped": false
            },
            {
              "title": "Voucher more than policy",
              "fullTitle": "Sprint 6 Voucher Voucher more than policy",
              "timedOut": null,
              "duration": 2971,
              "state": "passed",
              "speed": "slow",
              "pass": true,
              "fail": false,
              "pending": false,
              "context": null,
              "code": "cy.contains('Your voucher has been added');\ncy.contains('Remaining voucher credit');\ncf.voucherHeader().should('not.be.visible');\ncf.cardType().should('not.be.visible');\ncf.purchasePolicy().should('be.visible').contains('Create Policy');",
              "err": {},
              "uuid": "cf23e3a4-b0ca-4805-95ab-27e6f2ff4ea4",
              "parentUUID": "cdcbd6bd-4d21-4067-a2b7-808988ee71d2",
              "isHook": false,
              "skipped": false
            },
            {
              "title": "Create Policy",
              "fullTitle": "Sprint 6 Voucher Create Policy",
              "timedOut": null,
              "duration": 4595,
              "state": "passed",
              "speed": "slow",
              "pass": true,
              "fail": false,
              "pending": false,
              "context": null,
              "code": "cf.purchasePolicy().should('be.visible').contains('Create Policy').click();\ncy.wait(4000);\ncy.location('pathname').should('eq', '/travelinsurance/quote/you-are-now-insured');",
              "err": {},
              "uuid": "80db5610-0e5e-4d59-baea-d8468ccb266b",
              "parentUUID": "cdcbd6bd-4d21-4067-a2b7-808988ee71d2",
              "isHook": false,
              "skipped": false
            }
          ],
          "suites": [],
          "passes": [
            "bfc679d8-58f1-465b-9372-b6353e08908a",
            "8ed1f176-c10c-4775-821f-c97b82fc5d19",
            "3ac43ca1-ce26-404a-9d43-9bbe53f66ccd",
            "face5975-b634-420a-9919-e846181cdd56",
            "fabe3b80-c8e4-465d-8666-8f4c78092f57",
            "449d70d9-0d6f-4302-9d70-733fcfe636fc",
            "14677998-83cb-42c1-85f1-452fba107356",
            "167d8b76-7f9d-4258-9b8e-a8c7b2e47a9c",
            "e443dc18-50be-40a7-9517-f50dba8a520f",
            "e4973949-3663-4b58-9d77-179b736fd50f",
            "cf23e3a4-b0ca-4805-95ab-27e6f2ff4ea4",
            "80db5610-0e5e-4d59-baea-d8468ccb266b"
          ],
          "failures": [],
          "pending": [],
          "skipped": [],
          "duration": 20675,
          "root": false,
          "rootEmpty": false,
          "_timeout": 2000
        }
      ],
      "passes": [],
      "failures": [],
      "pending": [],
      "skipped": [],
      "duration": 0,
      "root": true,
      "rootEmpty": true,
      "_timeout": 2000
    }
  ],
  "meta": {
    "mocha": {
      "version": "7.0.1"
    },
    "mochawesome": {
      "options": {
        "quiet": false,
        "reportFilename": "mochawesome",
        "saveHtml": true,
        "saveJson": true,
        "consoleReporter": "spec",
        "useInlineDiffs": false,
        "code": true
      },
      "version": "6.1.1"
    },
    "marge": {
      "options": {
        "id": "default",
        "reportDir": "cypress/reports/mocha",
        "quite": true,
        "overwrite": true,
        "html": true,
        "json": true
      },
      "version": "5.1.0"
    }
  }
}